# JRE version: OpenJDK Runtime Environment (17.0.6) (build 17.0.6+0-b2043.56-10027231)
# Java VM: OpenJDK 64-Bit Server VM (17.0.6+0-b2043.56-10027231, mixed mode, tiered, compressed oops, compressed class ptrs, g1 gc, windows-amd64)
GC Precious Log:
 CPUs: 4 total, 4 available
 Memory: 4011M
 Large Page Support: Disabled
 NUMA Support: Disabled
 Compressed Oops: Enabled (32-bit)
 Heap Region Size: 1M
 Heap Min Capacity: 8M
 Heap Initial Capacity: 64M
 Heap Max Capacity: 2G
 Pre-touch: Disabled
 Parallel Workers: 4
 Concurrent Workers: 1
 Concurrent Refinement Workers: 4
 Periodic GC: Disabled
Heap:
 garbage-first heap   total 378880K, used 241664K [0x0000000080000000, 0x0000000100000000)
  region size 1024K, 7 young (7168K), 7 survivors (7168K)
 Metaspace       used 135350K, committed 136128K, reserved 1171456K
  class space    used 17692K, committed 18048K, reserved 1048576K
GC Heap History (20 events):
Event: 97.512 GC heap after
{Heap after GC invocations=62 (full 0):
 garbage-first heap   total 285696K, used 139525K [0x0000000080000000, 0x0000000100000000)
  region size 1024K, 8 young (8192K), 8 survivors (8192K)
 Metaspace       used 122590K, committed 123392K, reserved 1163264K
  class space    used 16027K, committed 16384K, reserved 1048576K
}
Event: 99.098 GC heap before
{Heap before GC invocations=62 (full 0):
 garbage-first heap   total 285696K, used 248069K [0x0000000080000000, 0x0000000100000000)
  region size 1024K, 114 young (116736K), 8 survivors (8192K)
 Metaspace       used 122614K, committed 123392K, reserved 1163264K
  class space    used 16027K, committed 16384K, reserved 1048576K
}
Event: 99.130 GC heap after
{Heap after GC invocations=63 (full 0):
 garbage-first heap   total 285696K, used 139894K [0x0000000080000000, 0x0000000100000000)
  region size 1024K, 8 young (8192K), 8 survivors (8192K)
 Metaspace       used 122614K, committed 123392K, reserved 1163264K
  class space    used 16027K, committed 16384K, reserved 1048576K
}
Event: 101.198 GC heap before
{Heap before GC invocations=63 (full 0):
 garbage-first heap   total 285696K, used 248438K [0x0000000080000000, 0x0000000100000000)
  region size 1024K, 114 young (116736K), 8 survivors (8192K)
 Metaspace       used 122659K, committed 123392K, reserved 1163264K
  class space    used 16029K, committed 16384K, reserved 1048576K
}
Event: 101.226 GC heap after
{Heap after GC invocations=64 (full 0):
 garbage-first heap   total 285696K, used 140642K [0x0000000080000000, 0x0000000100000000)
  region size 1024K, 9 young (9216K), 9 survivors (9216K)
 Metaspace       used 122659K, committed 123392K, reserved 1163264K
  class space    used 16029K, committed 16384K, reserved 1048576K
}
Event: 102.888 GC heap before
{Heap before GC invocations=64 (full 0):
 garbage-first heap   total 285696K, used 247138K [0x0000000080000000, 0x0000000100000000)
  region size 1024K, 113 young (115712K), 9 survivors (9216K)
 Metaspace       used 123695K, committed 124480K, reserved 1163264K
  class space    used 16201K, committed 16576K, reserved 1048576K
}
Event: 102.921 GC heap after
{Heap after GC invocations=65 (full 0):
 garbage-first heap   total 285696K, used 141966K [0x0000000080000000, 0x0000000100000000)
  region size 1024K, 8 young (8192K), 8 survivors (8192K)
 Metaspace       used 123695K, committed 124480K, reserved 1163264K
  class space    used 16201K, committed 16576K, reserved 1048576K
}
Event: 105.550 GC heap before
{Heap before GC invocations=65 (full 0):
 garbage-first heap   total 285696K, used 229006K [0x0000000080000000, 0x0000000100000000)
  region size 1024K, 85 young (87040K), 8 survivors (8192K)
 Metaspace       used 125402K, committed 126144K, reserved 1163264K
  class space    used 16410K, committed 16768K, reserved 1048576K
}
Event: 105.574 GC heap after
{Heap after GC invocations=66 (full 0):
 garbage-first heap   total 285696K, used 149087K [0x0000000080000000, 0x0000000100000000)
  region size 1024K, 7 young (7168K), 7 survivors (7168K)
 Metaspace       used 125402K, committed 126144K, reserved 1163264K
  class space    used 16410K, committed 16768K, reserved 1048576K
}
Event: 105.873 GC heap before
{Heap before GC invocations=66 (full 0):
 garbage-first heap   total 285696K, used 190047K [0x0000000080000000, 0x0000000100000000)
  region size 1024K, 34 young (34816K), 7 survivors (7168K)
 Metaspace       used 125785K, committed 126528K, reserved 1163264K
  class space    used 16474K, committed 16832K, reserved 1048576K
}
Event: 105.892 GC heap after
{Heap after GC invocations=67 (full 0):
 garbage-first heap   total 285696K, used 162668K [0x0000000080000000, 0x0000000100000000)
  region size 1024K, 10 young (10240K), 10 survivors (10240K)
 Metaspace       used 125785K, committed 126528K, reserved 1163264K
  class space    used 16474K, committed 16832K, reserved 1048576K
}
Event: 107.346 GC heap before
{Heap before GC invocations=68 (full 0):
 garbage-first heap   total 378880K, used 253804K [0x0000000080000000, 0x0000000100000000)
  region size 1024K, 82 young (83968K), 10 survivors (10240K)
 Metaspace       used 126605K, committed 127360K, reserved 1163264K
  class space    used 16581K, committed 16960K, reserved 1048576K
}
Event: 107.405 GC heap after
{Heap after GC invocations=69 (full 0):
 garbage-first heap   total 378880K, used 183328K [0x0000000080000000, 0x0000000100000000)
  region size 1024K, 11 young (11264K), 11 survivors (11264K)
 Metaspace       used 126605K, committed 127360K, reserved 1163264K
  class space    used 16581K, committed 16960K, reserved 1048576K
}
Event: 107.586 GC heap before
{Heap before GC invocations=69 (full 0):
 garbage-first heap   total 378880K, used 190496K [0x0000000080000000, 0x0000000100000000)
  region size 1024K, 18 young (18432K), 11 survivors (11264K)
 Metaspace       used 127197K, committed 127936K, reserved 1163264K
  class space    used 16676K, committed 17024K, reserved 1048576K
}
Event: 107.633 GC heap after
{Heap after GC invocations=70 (full 0):
 garbage-first heap   total 378880K, used 171946K [0x0000000080000000, 0x0000000100000000)
  region size 1024K, 3 young (3072K), 3 survivors (3072K)
 Metaspace       used 127197K, committed 127936K, reserved 1163264K
  class space    used 16676K, committed 17024K, reserved 1048576K
}
Event: 109.657 GC heap before
{Heap before GC invocations=70 (full 0):
 garbage-first heap   total 378880K, used 291754K [0x0000000080000000, 0x0000000100000000)
  region size 1024K, 121 young (123904K), 3 survivors (3072K)
 Metaspace       used 131500K, committed 132352K, reserved 1171456K
  class space    used 17222K, committed 17600K, reserved 1048576K
}
Event: 109.798 GC heap after
{Heap after GC invocations=71 (full 0):
 garbage-first heap   total 378880K, used 218111K [0x0000000080000000, 0x0000000100000000)
  region size 1024K, 16 young (16384K), 16 survivors (16384K)
 Metaspace       used 131500K, committed 132352K, reserved 1171456K
  class space    used 17222K, committed 17600K, reserved 1048576K
}
Event: 112.500 GC heap before
{Heap before GC invocations=71 (full 0):
 garbage-first heap   total 378880K, used 295935K [0x0000000080000000, 0x0000000100000000)
  region size 1024K, 91 young (93184K), 16 survivors (16384K)
 Metaspace       used 133649K, committed 134464K, reserved 1171456K
  class space    used 17463K, committed 17856K, reserved 1048576K
}
Event: 112.624 GC heap after
{Heap after GC invocations=72 (full 0):
 garbage-first heap   total 378880K, used 233600K [0x0000000080000000, 0x0000000100000000)
  region size 1024K, 12 young (12288K), 12 survivors (12288K)
 Metaspace       used 133649K, committed 134464K, reserved 1171456K
  class space    used 17463K, committed 17856K, reserved 1048576K
}
Event: 114.260 GC heap before
{Heap before GC invocations=72 (full 0):
 garbage-first heap   total 378880K, used 307328K [0x0000000080000000, 0x0000000100000000)
  region size 1024K, 79 young (80896K), 12 survivors (12288K)
 Metaspace       used 135350K, committed 136128K, reserved 1171456K
  class space    used 17692K, committed 18048K, reserved 1048576K
}

